0.440809   -0.480609   0.158683
0.110925   -0.0161231   0.0089232
-0.138198   -0.18929   -0.213125
-0.455644   -0.135629   -0.255159
-0.275599   -0.216754   -0.015998
0.415046   0.251297   -0.456288
-0.0129551   -0.394469   -0.144141
-0.368565   -0.151389   -0.462029
0.455279   0.474757   0.46294
0.371993   -0.346098   0.214351
0.0874106   -0.00689046   0.266681
-0.0522966   -0.370171   -0.43256
-0.225825   -0.160612   0.325601
-0.0175776   0.493764   0.348577
0.0336787   -0.0112441   -0.314536
-0.0226759   -0.366729   0.296424
0.412366   0.0405719   -0.30581
-0.0508947   -0.0780721   -0.0751868
0.349844   0.288639   -0.23838
0.368732   0.390566   -0.0847909
0.167113   0.0827882   0.283673
0.0228634   -0.416238   0.379211
-0.368718   -0.361631   0.283621
-0.182565   -0.293558   -0.269245
0.246437   -0.455648   0.0555549
0.0157972   -0.394108   0.12348
-0.336417   -0.107422   -0.40206
0.168813   0.220167   -0.397823
0.458593   -0.0758023   -0.14065
0.358747   0.020425   -0.461032
0.324129   -0.125539   -0.450439
-0.467899   -0.309358   0.441079
0.190726   0.344009   0.227018
-0.46317   0.330134   0.0360129
-0.143099   -0.334044   0.147037
0.208051   -0.303483   0.39333
-0.191491   0.411253   -0.435769
-0.166974   -0.138789   0.10126
0.263026   -0.149231   -0.394731
0.0720632   -5.14074e-05   0.171178
0.27418   -0.012536   -0.47494
0.183916   0.407009   -0.210465
-0.399507   0.281699   0.361673
-0.293805   0.391191   -0.305974
0.315279   -0.367327   0.131258
0.247832   -0.0457563   0.414563
-0.254067   -0.494491   0.204608
0.280452   -0.387883   0.360161
-0.0382701   0.208474   -0.361582
0.175239   -0.0326855   0.242242
0.125142   0.0732038   0.369706
0.170343   0.137884   -0.394271
-0.246435   0.390662   0.272414
0.413856   -0.238552   -0.137162
0.261545   0.233499   -0.205943
-0.266247   -0.116745   0.214442
-0.232009   -0.35446   -0.407991
0.299809   -0.278916   -0.441811
0.0593208   -0.323225   0.17776
0.200923   -0.230075   -0.0660529
-0.118452   0.403757   -0.387016
-0.0782548   -0.0967585   -0.168212
-0.380258   0.405922   -0.250723
-0.290416   0.264755   0.383337
-0.362492   0.385096   -0.336577
0.314645   0.0334963   -0.37023
0.218471   -0.309362   0.210309
-0.260153   -0.147364   -0.308796
-0.101051   -0.326624   0.438255
0.0305757   0.39345   -0.473039
-0.108488   -0.253072   0.113024
0.223873   0.0779908   0.222174
-0.448107   0.465674   0.0643354
0.0270131   -0.129896   -0.127955
0.140428   0.32437   -0.305894
0.357272   -0.0547259   -0.311227
-0.0657914   0.10549   0.194432
-0.38912   -0.353328   0.141503
-0.407113   0.32994   -0.23439
-0.357306   -0.175417   -0.128435
0.250572   -0.171563   -0.0436678
0.281907   0.0194349   0.283492
-0.0615314   -0.159821   0.245065
-0.0767684   -0.476255   -0.404982
-0.414904   0.388764   -0.420371
-0.337996   -0.000356524   -0.447684
0.258471   -0.226152   0.173824
0.46281   0.0861721   -0.190459
-0.145674   -0.111851   -0.125239
-0.217674   -0.176374   -0.113396
0.309638   0.0816574   0.355228
0.1348   0.389499   -0.36478
0.316507   0.0781191   0.444239
-0.0857696   -0.153652   0.123202
0.0249057   0.0799523   -0.163551
0.0959444   -0.327693   0.324426
0.166538   -0.0191398   -0.220966
-0.258784   0.483896   -0.381218
-0.243438   -0.251989   -0.441748
0.201229   -0.12628   0.0337917
-0.20549   0.16509   -0.353589
-0.0644526   -0.10348   0.173616
0.136912   0.217338   0.31159
-0.11459   -0.0791886   0.00202384
-0.0470272   -0.408791   -0.0239916
0.0944374   -0.31444   0.410997
0.483676   0.453907   -0.455084
0.231179   0.119497   0.38703
