0.704622   1.29488   0.085167
-0.304182   0.014913   1.77295
-1.37477   1.13745   1.79371
-1.46725   -1.43349   0.779174
-2.27584   -0.23172   0.485992
0.302671   0.62292   -1.3235
0.174562   0.817488   0.603664
0.506006   0.445758   -0.347173
-1.82293   -0.879346   -1.43018
0.622049   -1.00139   -0.232061
-0.0779124   1.03912   0.219358
0.738994   1.38455   1.50345
-1.32434   -1.4289   -1.19793
2.04336   1.50785   0.0288929
0.449985   0.719826   -0.997499
0.812836   -1.18959   0.597263
1.90595   -0.806369   1.21311
-2.29711   0.0562726   -2.7406
-0.654493   -1.2753   1.31437
-0.237312   -1.48239   -2.00693
-0.625962   0.828184   -2.00732
-0.508188   -0.440005   0.343988
1.34152   1.03691   -1.77025
0.9536   -0.571674   -0.178851
-0.90469   -1.14412   -0.964425
-1.61159   1.42308   -0.809437
0.607475   -1.40044   1.76952
-1.17267   0.191806   0.854685
-0.328992   1.34353   -1.63321
0.282018   -0.472313   -0.0373116
-0.344334   -0.422246   -2.44424
-1.02138   0.703105   -2.358
1.50495   0.319451   0.339799
1.31826   0.348026   0.301922
-0.838268   -0.697467   0.586119
0.789468   -1.80517   -0.474877
0.642062   -0.217758   -0.164503
-1.17948   0.194083   2.08849
0.411965   0.656979   0.966695
0.774952   -0.568731   0.693106
-0.168294   0.118135   -1.43398
-0.592451   -0.822087   -0.943185
-0.348087   -0.0380946   -0.0273718
0.181058   -0.557057   -0.328015
-0.762129   1.40771   0.932455
-2.59435   0.505685   0.668298
0.738996   -1.08736   1.79381
1.65882   -2.74244   -1.55476
2.02374   0.0500313   1.13603
1.11337   -0.51813   0.847868
-0.526342   0.415915   -0.939097
-0.847295   -2.66126   1.22139
1.27956   -2.91739   -0.932959
-0.772482   0.474443   -0.432741
0.731148   -0.0789011   -1.28448
-0.978853   -0.665941   1.51665
-0.255886   0.0363133   1.99464
1.04848   0.6198   -0.94187
-1.69919   -0.615804   0.67082
-0.166024   1.66066   0.211868
-0.511557   -0.463603   0.736169
-2.07617   -0.235621   0.503485
1.80335   0.578389   -0.831189
1.40669   0.730426   -0.00258355
1.08781   1.29172   -1.34759
2.5461   1.51974   -0.656338
-2.31891   1.55031   0.419834
-0.179331   1.51166   -0.71215
-0.0645987   2.02438   -1.01317
0.519556   -0.210258   0.1015
0.102105   1.85189   1.07056
-0.686474   0.0169654   -1.0012
0.78946   0.626026   0.521876
2.68399   -0.427909   -0.788069
1.38958   1.40521   1.27102
1.43652   0.414327   -0.0618731
-0.82347   -1.25551   0.315665
0.0261822   0.163507   0.745129
1.46576   -0.58529   0.160976
2.28057   -0.780879   0.0774133
1.2358   2.17836   -0.456888
-0.0444267   -0.411567   -0.21293
1.01954   1.93762   -0.175134
-0.962777   0.00312638   -0.0805583
-0.617261   -2.34699   -0.594708
-0.18879   -0.286759   0.878733
-2.26368   -0.65053   0.257762
0.613928   -0.147068   -0.451843
1.00164   0.293485   -0.452923
0.55228   -1.00504   0.132682
0.056993   -1.82296   0.590039
0.263966   1.44948   -0.577649
-1.55768   0.227002   -0.185344
0.457201   -0.375194   1.79792
1.22823   -1.07607   -1.34998
-1.52278   2.05099   -0.973196
-1.2754   -0.360965   -0.489604
-0.547015   0.853449   1.8144
-1.62233   0.438399   1.06693
0.111461   -0.352265   -0.600239
0.505469   1.31185   -0.328192
-1.6454   1.0608   0.68057
-0.224659   0.129476   0.0403978
-0.456136   -0.818507   0.847924
-1.13465   0.883313   1.50259
-0.132587   -2.44941   0.422534
1.51233   -1.21845   -0.421768
-0.819804   -0.423025   0.410527
