-0.44928   -0.208397   -0.0485583
-0.276437   0.202414   -0.137485
0.273498   -0.482457   0.135571
0.345601   0.418273   0.486147
0.145047   0.238187   0.429772
-0.336169   -0.354324   0.288945
-0.269474   0.202291   0.47217
0.0191849   0.253324   0.239811
0.198967   0.0819373   0.271073
0.0178975   -0.111624   0.312975
-0.425563   0.227284   0.302219
-0.414825   0.0126284   0.399037
0.269318   0.336043   -0.144622
-0.0818966   0.335227   0.0591014
0.237001   0.0445263   0.487691
0.0998437   0.267066   -0.345488
0.169094   0.483357   -0.312793
-0.00076312   0.0805412   0.423671
0.318729   -0.263353   0.0147898
-0.352469   -0.195502   0.434547
-0.201143   -0.0210685   -0.190043
-0.37595   0.463367   0.37571
0.440133   -0.114676   -0.286315
0.395023   -0.0415244   -0.0782688
-0.389425   -0.428933   -0.0593947
0.404949   0.161662   0.178926
-0.0727659   -0.291638   0.142711
-0.227392   -0.108148   0.215161
0.206231   -0.437105   -0.0914379
-0.223975   -0.403153   -0.254872
-0.461072   -0.265889   -0.398949
-0.151314   -0.489477   0.175782
-0.243193   0.414195   -0.455581
0.253495   0.324563   0.260441
0.461992   -0.374452   0.385052
-0.0554551   0.433949   -0.339406
-0.425806   0.346724   -0.0493585
0.342725   -0.256842   0.229388
-0.118726   0.106771   0.0069405
0.438754   0.41939   0.281425
-0.128749   -0.48424   0.393233
-0.154582   -0.205611   -0.0576607
-0.459117   0.302345   -0.478807
-0.318502   -0.205548   -0.222406
0.399967   -0.481787   -0.0654991
0.0789161   0.114214   0.0754724
0.0470516   -0.471306   0.0532741
-0.215615   0.339587   0.297153
0.0291633   -0.339746   0.339589
-0.125278   0.0364797   -0.373971
-0.445795   -0.188061   0.247288
-0.280507   -0.292777   0.0892523
0.138552   -0.332824   -0.470953
0.448259   -0.0459296   0.109739
-0.357874   -0.0339677   -0.374488
0.374926   0.196724   0.396976
-0.0631289   -0.351142   -0.414332
0.455889   0.249584   -0.192647
0.0134703   -0.0224521   -0.100476
0.263001   -0.154898   -0.393133
-0.0679484   -0.185834   -0.244406
0.0489632   -0.236173   -0.034719
-0.0266395   -0.0558907   0.117808
0.242967   -0.433445   0.348927
0.11453   0.446461   0.481769
0.335657   -0.298438   -0.21459
-0.0662194   0.305984   0.473163
0.168748   0.322281   0.0684157
0.14098   0.155779   -0.14221
-0.493587   -0.385624   0.129955
-0.477432   0.127407   5.60922e-05
0.123179   -0.288909   -0.268026
-0.165908   0.398185   -0.162358
-0.366778   0.0377888   0.183456
-0.192037   0.264894   -0.325468
0.140808   -0.307058   0.160058
-0.384983   0.171207   -0.340663
-0.28885   0.24334   0.0907746
-0.429278   0.0382449   -0.173909
0.048371   0.355887   -0.127089
-0.139033   0.107995   0.233884
-0.456404   -0.491692   -0.435395
-0.0583817   0.167231   -0.214643
-0.153564   -0.23656   0.368393
0.201206   -0.113364   -0.173096
-0.163365   -0.426436   -0.0311316
0.422426   -0.141668   0.463753
-0.473878   -0.381527   -0.229844
0.397192   0.462175   -0.287781
-0.280983   -0.370938   -0.468112
-0.283885   -0.0436325   0.00380914
0.0618559   0.468964   0.254969
-0.38588   0.383724   -0.265278
-0.190239   -0.173145   -0.408068
0.456734   0.0690608   -0.443448
0.345989   -0.358382   -0.422473
0.0296248   -0.138557   -0.459619
-0.200548   -0.0240416   0.416065
0.214702   -0.0755653   0.12021
0.393219   0.339441   0.0546093
0.33687   0.242482   -0.377825
0.221451   -0.164479   0.373669
0.0912025   0.0428869   -0.331458
0.282876   0.118004   0.00686185
-0.000274579   -0.439305   -0.176265
0.397449   -0.0146731   0.30938
0.307861   0.0636425   -0.26538
-0.354753   0.454848   0.154128
